{
  "0 debug pnpm:scope": {
    "selected": 1
  },
  "1 error pnpm": {
    "code": "ERR_PNPM_UNSUPPORTED_ENGINE",
    "packageId": "/home/workspace/reactjs/coding-practices/nxtWatchApp",
    "wanted": {
      "pnpm": "8.x"
    },
    "current": {
      "node": "v14.18.2",
      "pnpm": "6.32.10"
    },
    "err": {
      "name": "pnpm",
      "message": "Unsupported engine for /home/workspace/reactjs/coding-practices/nxtWatchApp: wanted: {\"pnpm\":\"8.x\"} (current: {\"node\":\"v14.18.2\",\"pnpm\":\"6.32.10\"})",
      "code": "ERR_PNPM_UNSUPPORTED_ENGINE",
      "stack": "pnpm: Unsupported engine for /home/workspace/reactjs/coding-practices/nxtWatchApp: wanted: {\"pnpm\":\"8.x\"} (current: {\"node\":\"v14.18.2\",\"pnpm\":\"6.32.10\"})\n    at checkEngine (/usr/local/lib/node_modules/pnpm/dist/pnpm.cjs:41384:16)\n    at checkPackage (/usr/local/lib/node_modules/pnpm/dist/pnpm.cjs:43480:104)\n    at packageIsInstallable (/usr/local/lib/node_modules/pnpm/dist/pnpm.cjs:43504:61)\n    at tryReadProjectManifest (/usr/local/lib/node_modules/pnpm/dist/pnpm.cjs:43836:55)\n    at async handler (/usr/local/lib/node_modules/pnpm/dist/pnpm.cjs:122067:48)\n    at async /usr/local/lib/node_modules/pnpm/dist/pnpm.cjs:182617:21\n    at async run (/usr/local/lib/node_modules/pnpm/dist/pnpm.cjs:182591:34)\n    at async runPnpm (/usr/local/lib/node_modules/pnpm/dist/pnpm.cjs:182810:5)\n    at async /usr/local/lib/node_modules/pnpm/dist/pnpm.cjs:182802:7"
    }
  }
}